mode: atomic
unittest-with-mock/helper/util/util.go:7.47,9.16 2 2
unittest-with-mock/helper/util/util.go:13.2,13.15 1 1
unittest-with-mock/helper/util/util.go:9.16,11.3 1 1
unittest-with-mock/service/user_service.go:15.68,17.2 1 11
unittest-with-mock/service/user_service.go:19.84,28.16 3 2
unittest-with-mock/service/user_service.go:32.2,32.12 1 1
unittest-with-mock/service/user_service.go:28.16,30.3 1 1
unittest-with-mock/service/user_service.go:35.98,43.2 2 2
unittest-with-mock/service/user_service.go:45.71,47.2 1 2
unittest-with-mock/service/user_service.go:49.76,51.2 1 2
unittest-with-mock/service/user_service.go:53.85,55.2 1 2
unittest-with-mock/repository/user_repository.go:15.58,17.2 1 8
unittest-with-mock/repository/user_repository.go:19.77,22.16 3 1
unittest-with-mock/repository/user_repository.go:26.2,26.12 1 1
unittest-with-mock/repository/user_repository.go:22.16,24.3 1 0
unittest-with-mock/repository/user_repository.go:29.93,32.16 3 1
unittest-with-mock/repository/user_repository.go:36.2,36.12 1 1
unittest-with-mock/repository/user_repository.go:32.16,34.3 1 0
unittest-with-mock/repository/user_repository.go:39.74,42.16 3 1
unittest-with-mock/repository/user_repository.go:46.2,46.12 1 1
unittest-with-mock/repository/user_repository.go:42.16,44.3 1 0
unittest-with-mock/repository/user_repository.go:49.79,52.16 3 2
unittest-with-mock/repository/user_repository.go:55.2,58.18 3 2
unittest-with-mock/repository/user_repository.go:68.2,68.34 1 1
unittest-with-mock/repository/user_repository.go:72.2,72.21 1 1
unittest-with-mock/repository/user_repository.go:52.16,54.3 1 0
unittest-with-mock/repository/user_repository.go:58.18,61.17 3 3
unittest-with-mock/repository/user_repository.go:65.3,65.32 1 2
unittest-with-mock/repository/user_repository.go:61.17,63.4 1 1
unittest-with-mock/repository/user_repository.go:68.34,70.3 1 0
unittest-with-mock/repository/user_repository.go:75.88,79.16 4 2
unittest-with-mock/repository/user_repository.go:83.2,83.19 1 1
unittest-with-mock/repository/user_repository.go:79.16,81.3 1 1
unittest-with-mock/handler/user_handler.go:21.72,24.2 3 0
unittest-with-mock/handler/user_handler.go:24.2,30.3 5 0
unittest-with-mock/handler/user_handler.go:33.70,36.16 3 3
unittest-with-mock/handler/user_handler.go:42.2,43.16 2 3
unittest-with-mock/handler/user_handler.go:49.2,50.16 2 2
unittest-with-mock/handler/user_handler.go:55.2,59.4 1 1
unittest-with-mock/handler/user_handler.go:36.16,40.3 3 0
unittest-with-mock/handler/user_handler.go:43.16,47.3 3 1
unittest-with-mock/handler/user_handler.go:50.16,53.3 2 1
unittest-with-mock/handler/user_handler.go:62.74,64.16 2 3
unittest-with-mock/handler/user_handler.go:69.2,71.16 3 3
unittest-with-mock/handler/user_handler.go:76.2,77.16 2 3
unittest-with-mock/handler/user_handler.go:82.2,83.16 2 2
unittest-with-mock/handler/user_handler.go:88.2,92.4 1 1
unittest-with-mock/handler/user_handler.go:64.16,67.3 2 0
unittest-with-mock/handler/user_handler.go:71.16,74.3 2 0
unittest-with-mock/handler/user_handler.go:77.16,80.3 2 1
unittest-with-mock/handler/user_handler.go:83.16,86.3 2 1
unittest-with-mock/handler/user_handler.go:95.74,97.16 2 2
unittest-with-mock/handler/user_handler.go:103.2,104.16 2 2
unittest-with-mock/handler/user_handler.go:109.2,113.4 1 1
unittest-with-mock/handler/user_handler.go:97.16,101.3 3 0
unittest-with-mock/handler/user_handler.go:104.16,107.3 2 1
unittest-with-mock/handler/user_handler.go:116.71,118.16 2 2
unittest-with-mock/handler/user_handler.go:123.2,127.4 1 1
unittest-with-mock/handler/user_handler.go:118.16,121.3 2 1
unittest-with-mock/handler/user_handler.go:130.72,132.16 2 2
unittest-with-mock/handler/user_handler.go:138.2,139.16 2 2
unittest-with-mock/handler/user_handler.go:149.2,153.4 1 1
unittest-with-mock/handler/user_handler.go:132.16,136.3 3 0
unittest-with-mock/handler/user_handler.go:139.16,141.27 2 1
unittest-with-mock/handler/user_handler.go:145.3,146.9 2 1
unittest-with-mock/handler/user_handler.go:141.27,143.4 1 0
